===== Forward Algorithm (Matrice Alpha) =====
alpha [0][0] = 	0.0191044	alpha [0][1] = 	0.0203616	
alpha [1][0] = 	0.000692752	alpha [1][1] = 	0.000686816	
alpha [2][0] = 	2.67218e-005	alpha [2][1] = 	2.66402e-005	
alpha [3][0] = 	9.59945e-007	alpha [3][1] = 	1.05563e-006	
alpha [4][0] = 	3.5403e-008	alpha [4][1] = 	3.4577e-008	
alpha [5][0] = 	1.22611e-009	alpha [5][1] = 	1.20346e-009	
alpha [6][0] = 	4.25724e-011	alpha [6][1] = 	4.17773e-011	
alpha [7][0] = 	1.47802e-012	alpha [7][1] = 	1.45043e-012	
alpha [8][0] = 	5.53618e-014	alpha [8][1] = 	5.72566e-014	
alpha [9][0] = 	2.18333e-015	alpha [9][1] = 	2.30564e-015	
alpha [10][0] = 	9.01617e-017	alpha [10][1] = 	8.34047e-017	
alpha [11][0] = 	3.07704e-018	alpha [11][1] = 	3.31614e-018	
alpha [12][0] = 	1.12247e-019	alpha [12][1] = 	1.0972e-019	
alpha [13][0] = 	3.99137e-021	alpha [13][1] = 	4.39285e-021	
alpha [14][0] = 	0.0162758	alpha [14][1] = 	0.0161553	
alpha [15][0] = 	0.00056086	alpha [15][1] = 	0.000611032	
alpha [16][0] = 	2.05799e-005	alpha [16][1] = 	2.09336e-005	
alpha [17][0] = 	6.9916e-007	alpha [17][1] = 	8.50198e-007	
alpha [18][0] = 	2.6192e-008	alpha [18][1] = 	2.79791e-008	
alpha [19][0] = 	1.02593e-009	alpha [19][1] = 	9.93432e-010	
alpha [20][0] = 	3.53744e-011	alpha [20][1] = 	3.61603e-011	
alpha [21][0] = 	1.25455e-012	alpha [21][1] = 	1.4144e-012	
alpha [22][0] = 	4.87472e-014	alpha [22][1] = 	4.57619e-014	
alpha [23][0] = 	1.589e-015	alpha [23][1] = 	1.71588e-015	
alpha [24][0] = 	5.8027e-017	alpha [24][1] = 	5.90461e-017	
alpha [25][0] = 	2.16096e-018	alpha [25][1] = 	2.34216e-018	
alpha [26][0] = 	7.90719e-020	alpha [26][1] = 	7.83394e-020	
alpha [27][0] = 	3.04896e-021	alpha [27][1] = 	3.03974e-021	
alpha [28][0] = 	0.0109532	alpha [28][1] = 	0.0120449	
alpha [29][0] = 	0.000403955	alpha [29][1] = 	0.000394529	
alpha [30][0] = 	1.39901e-005	alpha [30][1] = 	1.37317e-005	
alpha [31][0] = 	4.92076e-007	alpha [31][1] = 	5.28999e-007	
alpha [32][0] = 	1.79263e-008	alpha [32][1] = 	1.75247e-008	
alpha [33][0] = 	6.70139e-010	alpha [33][1] = 	6.93185e-010	
alpha [34][0] = 	2.64308e-011	alpha [34][1] = 	2.79112e-011	
alpha [35][0] = 	1.09147e-012	alpha [35][1] = 	1.00967e-012	
alpha [36][0] = 	3.72497e-014	alpha [36][1] = 	4.01442e-014	
alpha [37][0] = 	1.35883e-015	alpha [37][1] = 	1.32824e-015	
alpha [38][0] = 	4.83183e-017	alpha [38][1] = 	5.31785e-017	
alpha [39][0] = 	1.9703e-018	alpha [39][1] = 	1.95571e-018	
alpha [40][0] = 	6.7896e-020	alpha [40][1] = 	7.39697e-020	
alpha [41][0] = 	2.49134e-021	alpha [41][1] = 	2.53416e-021	
alpha [42][0] = 	0.00846382	alpha [42][1] = 	0.0102922	
alpha [43][0] = 	0.000317072	alpha [43][1] = 	0.000338707	
alpha [44][0] = 	1.24196e-005	alpha [44][1] = 	1.20262e-005	
alpha [45][0] = 	4.28232e-007	alpha [45][1] = 	4.37746e-007	
alpha [46][0] = 	1.51872e-008	alpha [46][1] = 	1.71223e-008	
alpha [47][0] = 	5.90118e-010	alpha [47][1] = 	5.53979e-010	
alpha [48][0] = 	1.9236e-011	alpha [48][1] = 	2.07719e-011	
alpha [49][0] = 	7.02458e-013	alpha [49][1] = 	7.14794e-013	
alpha [50][0] = 	2.61599e-014	alpha [50][1] = 	2.83535e-014	
alpha [51][0] = 	9.5722e-016	alpha [51][1] = 	9.48353e-016	
alpha [52][0] = 	3.69098e-017	alpha [52][1] = 	3.67982e-017	
alpha [53][0] = 	1.32596e-018	alpha [53][1] = 	1.45812e-018	
alpha [54][0] = 	4.89015e-020	alpha [54][1] = 	4.77605e-020	
alpha [55][0] = 	1.6936e-021	alpha [55][1] = 	1.66231e-021	
alpha [56][0] = 	0.00595692	alpha [56][1] = 	0.00640391	
alpha [57][0] = 	0.000217011	alpha [57][1] = 	0.000212148	
alpha [58][0] = 	8.1125e-006	alpha [58][1] = 	8.39149e-006	
alpha [59][0] = 	3.19964e-007	alpha [59][1] = 	3.37885e-007	
alpha [60][0] = 	1.3213e-008	alpha [60][1] = 	1.22228e-008	
alpha [61][0] = 	4.50934e-010	alpha [61][1] = 	4.85974e-010	
alpha [62][0] = 	1.64495e-011	alpha [62][1] = 	1.60793e-011	
alpha [63][0] = 	5.84927e-013	alpha [63][1] = 	6.43763e-013	
alpha [64][0] = 	2.38518e-014	alpha [64][1] = 	2.36753e-014	
alpha [65][0] = 	8.21929e-016	alpha [65][1] = 	8.95454e-016	
alpha [66][0] = 	3.01594e-017	alpha [66][1] = 	3.06777e-017	
alpha [67][0] = 	1.0246e-018	alpha [67][1] = 	1.24595e-018	
alpha [68][0] = 	3.83838e-020	alpha [68][1] = 	4.10028e-020	
alpha [69][0] = 	1.50348e-021	alpha [69][1] = 	1.45585e-021	
alpha [70][0] = 	0.00518405	alpha [70][1] = 	0.00529922	
alpha [71][0] = 	0.000183852	alpha [71][1] = 	0.000207277	
alpha [72][0] = 	7.14379e-006	alpha [72][1] = 	6.70631e-006	
alpha [73][0] = 	2.32865e-007	alpha [73][1] = 	2.51458e-007	
alpha [74][0] = 	8.50374e-009	alpha [74][1] = 	8.65308e-009	
alpha [75][0] = 	3.16684e-010	alpha [75][1] = 	3.43239e-010	
alpha [76][0] = 	1.15878e-011	alpha [76][1] = 	1.14805e-011	
alpha [77][0] = 	4.46819e-013	alpha [77][1] = 	4.45467e-013	
alpha [78][0] = 	1.60516e-014	alpha [78][1] = 	1.76516e-014	
alpha [79][0] = 	6.38683e-016	alpha [79][1] = 	6.57402e-016	
alpha [80][0] = 	2.27337e-017	alpha [80][1] = 	2.22647e-017	
alpha [81][0] = 	7.88454e-019	alpha [81][1] = 	7.73801e-019	
alpha [82][0] = 	2.73748e-020	alpha [82][1] = 	2.68637e-020	
alpha [83][0] = 	1.02537e-021	alpha [83][1] = 	1.06046e-021	
alpha [84][0] = 	0.00404378	alpha [84][1] = 	0.00427031	
alpha [85][0] = 	0.00016699	alpha [85][1] = 	0.000154475	
alpha [86][0] = 	5.69904e-006	alpha [86][1] = 	6.14189e-006	
alpha [87][0] = 	2.07894e-007	alpha [87][1] = 	2.03215e-007	
alpha [88][0] = 	7.39248e-009	alpha [88][1] = 	8.13607e-009	
alpha [89][0] = 	3.01446e-010	alpha [89][1] = 	2.99215e-010	
alpha [90][0] = 	1.03878e-011	alpha [90][1] = 	1.1317e-011	
alpha [91][0] = 	3.81164e-013	alpha [91][1] = 	3.87714e-013	
alpha [92][0] = 	1.29493e-014	alpha [92][1] = 	1.57467e-014	
alpha [93][0] = 	4.85106e-016	alpha [93][1] = 	5.18206e-016	
alpha [94][0] = 	1.90014e-017	alpha [94][1] = 	1.83995e-017	
alpha [95][0] = 	6.55175e-019	alpha [95][1] = 	6.69731e-019	
alpha [96][0] = 	2.56796e-020	alpha [96][1] = 	2.55684e-020	
alpha [97][0] = 	9.33573e-022	alpha [97][1] = 	8.80969e-022	
alpha [98][0] = 	0.00305117	alpha [98][1] = 	0.00329407	
alpha [99][0] = 	0.000111409	alpha [99][1] = 	0.000113367	
alpha [100][0] = 	4.14895e-006	alpha [100][1] = 	4.49686e-006	
alpha [101][0] = 	1.51815e-007	alpha [101][1] = 	1.50409e-007	
alpha [102][0] = 	5.85388e-009	alpha [102][1] = 	5.83618e-009	
alpha [103][0] = 	1.99463e-010	alpha [103][1] = 	2.09205e-010	
alpha [104][0] = 	6.88715e-012	alpha [104][1] = 	8.36422e-012	
alpha [105][0] = 	2.68444e-013	alpha [105][1] = 	2.61098e-013	
alpha [106][0] = 	9.27719e-015	alpha [106][1] = 	9.1074e-015	
alpha [107][0] = 	3.22148e-016	alpha [107][1] = 	3.16129e-016	
alpha [108][0] = 	1.20665e-017	alpha [108][1] = 	1.24795e-017	
alpha [109][0] = 	4.75872e-019	alpha [109][1] = 	5.02529e-019	
alpha [110][0] = 	1.96514e-020	alpha [110][1] = 	1.81786e-020	
alpha [111][0] = 	6.70662e-022	alpha [111][1] = 	7.22776e-022	
alpha [112][0] = 	0.00244649	alpha [112][1] = 	0.00239143	
alpha [113][0] = 	8.69946e-005	alpha [113][1] = 	9.57451e-005	
alpha [114][0] = 	3.54742e-006	alpha [114][1] = 	3.52116e-006	
alpha [115][0] = 	1.22243e-007	alpha [115][1] = 	1.33179e-007	
alpha [116][0] = 	4.48553e-009	alpha [116][1] = 	4.56261e-009	
alpha [117][0] = 	1.69074e-010	alpha [117][1] = 	1.55471e-010	
alpha [118][0] = 	5.45428e-012	alpha [118][1] = 	5.89487e-012	
alpha [119][0] = 	2.14991e-013	alpha [119][1] = 	2.08079e-013	
alpha [120][0] = 	7.4111e-015	alpha [120][1] = 	7.57591e-015	
alpha [121][0] = 	2.62838e-016	alpha [121][1] = 	2.61041e-016	
alpha [122][0] = 	9.54288e-018	alpha [122][1] = 	9.00611e-018	
alpha [123][0] = 	3.11904e-019	alpha [123][1] = 	3.36733e-019	
alpha [124][0] = 	1.13887e-020	alpha [124][1] = 	1.15888e-020	
alpha [125][0] = 	4.02934e-022	alpha [125][1] = 	4.00257e-022	
alpha [126][0] = 	0.00155582	alpha [126][1] = 	0.00155094	
alpha [127][0] = 	5.73202e-005	alpha [127][1] = 	5.63352e-005	
alpha [128][0] = 	2.27933e-006	alpha [128][1] = 	2.32933e-006	
alpha [129][0] = 	8.08248e-008	alpha [129][1] = 	7.91815e-008	
alpha [130][0] = 	2.69265e-009	alpha [130][1] = 	3.27949e-009	
alpha [131][0] = 	1.05124e-010	alpha [131][1] = 	1.02235e-010	
alpha [132][0] = 	3.91932e-012	alpha [132][1] = 	4.05499e-012	
alpha [133][0] = 	1.54599e-013	alpha [133][1] = 	1.63257e-013	
alpha [134][0] = 	6.38419e-015	alpha [134][1] = 	5.90574e-015	
alpha [135][0] = 	2.1788e-016	alpha [135][1] = 	2.3481e-016	
alpha [136][0] = 	7.94799e-018	alpha [136][1] = 	7.76909e-018	
alpha [137][0] = 	2.82622e-019	alpha [137][1] = 	3.1105e-019	
alpha [138][0] = 	1.15246e-020	alpha [138][1] = 	1.14393e-020	
alpha [139][0] = 	3.97135e-022	alpha [139][1] = 	4.32661e-022	
alpha [140][0] = 	0.00145723	alpha [140][1] = 	0.00148227	
alpha [141][0] = 	4.95063e-005	alpha [141][1] = 	6.0201e-005	
alpha [142][0] = 	1.85461e-006	alpha [142][1] = 	1.98115e-006	
alpha [143][0] = 	7.26441e-008	alpha [143][1] = 	7.03431e-008	
alpha [144][0] = 	2.5048e-009	alpha [144][1] = 	2.56045e-009	
alpha [145][0] = 	9.35041e-011	alpha [145][1] = 	1.01325e-010	
alpha [146][0] = 	3.55551e-012	alpha [146][1] = 	3.3433e-012	
alpha [147][0] = 	1.15995e-013	alpha [147][1] = 	1.25248e-013	
alpha [148][0] = 	4.23575e-015	alpha [148][1] = 	4.31015e-015	
alpha [149][0] = 	1.57742e-016	alpha [149][1] = 	1.70969e-016	
alpha [150][0] = 	5.77195e-018	alpha [150][1] = 	5.71848e-018	
alpha [151][0] = 	2.22563e-019	alpha [151][1] = 	2.21889e-019	
alpha [152][0] = 	8.71123e-021	alpha [152][1] = 	9.1062e-021	
alpha [153][0] = 	3.45504e-022	alpha [153][1] = 	3.35336e-022	
alpha [154][0] = 	0.00119273	alpha [154][1] = 	0.001171	
alpha [155][0] = 	3.97797e-005	alpha [155][1] = 	4.39845e-005	
alpha [156][0] = 	1.47146e-006	alpha [156][1] = 	1.4368e-006	
alpha [157][0] = 	5.49743e-008	alpha [157][1] = 	5.68677e-008	
alpha [158][0] = 	2.16829e-009	alpha [158][1] = 	2.28973e-009	
alpha [159][0] = 	8.95401e-011	alpha [159][1] = 	8.28297e-011	
alpha [160][0] = 	3.05583e-012	alpha [160][1] = 	3.29328e-012	
alpha [161][0] = 	1.11473e-013	alpha [161][1] = 	1.08964e-013	
alpha [162][0] = 	3.96385e-015	alpha [162][1] = 	4.36256e-015	
alpha [163][0] = 	1.61636e-016	alpha [163][1] = 	1.60439e-016	
alpha [164][0] = 	5.56993e-018	alpha [164][1] = 	6.06819e-018	
alpha [165][0] = 	2.0438e-019	alpha [165][1] = 	2.07892e-019	
alpha [166][0] = 	6.9434e-021	alpha [166][1] = 	8.44336e-021	
alpha [167][0] = 	2.60114e-022	alpha [167][1] = 	2.77862e-022	
alpha [168][0] = 	0.00101885	alpha [168][1] = 	0.000986582	
alpha [169][0] = 	3.51305e-005	alpha [169][1] = 	3.5911e-005	
alpha [170][0] = 	1.31142e-006	alpha [170][1] = 	1.28753e-006	
alpha [171][0] = 	4.73305e-008	alpha [171][1] = 	4.46898e-008	
alpha [172][0] = 	1.54735e-009	alpha [172][1] = 	1.67049e-009	
alpha [173][0] = 	5.64985e-011	alpha [173][1] = 	5.74914e-011	
alpha [174][0] = 	1.91981e-012	alpha [174][1] = 	2.06611e-012	
alpha [175][0] = 	7.54997e-014	alpha [175][1] = 	7.30855e-014	
alpha [176][0] = 	2.60284e-015	alpha [176][1] = 	2.66071e-015	
alpha [177][0] = 	9.71648e-017	alpha [177][1] = 	9.53947e-017	
alpha [178][0] = 	3.50677e-018	alpha [178][1] = 	3.31112e-018	
alpha [179][0] = 	1.14645e-019	alpha [179][1] = 	1.23769e-019	
alpha [180][0] = 	4.18604e-021	alpha [180][1] = 	4.2596e-021	
alpha [181][0] = 	0.0165606	alpha [181][1] = 	0.0145118	
alpha [182][0] = 	0.000586012	alpha [182][1] = 	0.000542942	
P(Observe Seq | Lambda) = 	0.00112895

===== Backward Algorithm (Matrice Beta) =====
beta [182][0] = 	1	beta [182][1] = 	1	
beta [181][0] = 	0.0362625	beta [181][1] = 	0.0364137	
beta [180][0] = 	0.00133265	beta [180][1] = 	0.00134074	
beta [179][0] = 	4.73622e-005	beta [179][1] = 	4.7344e-005	
beta [178][0] = 	1.65776e-006	beta [178][1] = 	1.65386e-006	
beta [177][0] = 	5.85339e-008	beta [177][1] = 	5.87255e-008	
beta [176][0] = 	2.14341e-009	beta [176][1] = 	2.14626e-009	
beta [175][0] = 	7.59872e-011	beta [175][1] = 	7.59731e-011	
beta [174][0] = 	2.82946e-012	beta [174][1] = 	2.83505e-012	
beta [173][0] = 	9.91624e-014	beta [173][1] = 	9.89194e-014	
beta [172][0] = 	3.50847e-015	beta [172][1] = 	3.50837e-015	
beta [171][0] = 	1.22826e-016	beta [171][1] = 	1.22536e-016	
beta [170][0] = 	4.33684e-018	beta [170][1] = 	4.35104e-018	
beta [169][0] = 	1.58808e-019	beta [169][1] = 	1.59019e-019	
beta [168][0] = 	5.62998e-021	beta [168][1] = 	5.62894e-021	
beta [167][0] = 	2.09638e-022	beta [167][1] = 	2.10052e-022	beta [167][2] = 	5.62998e-021	beta [167][2] = 	5.62998e-021	
beta [166][0] = 	0.000734706	beta [166][1] = 	0.000732905	
beta [165][0] = 	2.74853e-005	beta [165][1] = 	2.72838e-005	
beta [164][0] = 	9.69958e-007	beta [164][1] = 	9.70131e-007	
beta [163][0] = 	3.51023e-008	beta [163][1] = 	3.50025e-008	
beta [162][0] = 	1.35516e-009	beta [162][1] = 	1.35651e-009	
beta [161][0] = 	5.12974e-011	beta [161][1] = 	5.11295e-011	
beta [160][0] = 	1.77657e-012	beta [160][1] = 	1.77958e-012	
beta [159][0] = 	6.55695e-014	beta [159][1] = 	6.54167e-014	
beta [158][0] = 	2.52722e-015	beta [158][1] = 	2.53734e-015	
beta [157][0] = 	1.01033e-016	beta [157][1] = 	1.00854e-016	
beta [156][0] = 	3.88297e-018	beta [156][1] = 	3.88076e-018	
beta [155][0] = 	1.34666e-019	beta [155][1] = 	1.34879e-019	
beta [154][0] = 	4.78444e-021	beta [154][1] = 	4.7677e-021	beta [154][2] = 	1.34666e-019	beta [154][2] = 	1.34666e-019	
beta [153][0] = 	0.0165679	beta [153][1] = 	0.0165961	
beta [152][0] = 	0.000633029	beta [152][1] = 	0.000634192	
beta [151][0] = 	2.54162e-005	beta [151][1] = 	2.53858e-005	
beta [150][0] = 	9.82064e-007	beta [150][1] = 	9.82975e-007	
beta [149][0] = 	3.43281e-008	beta [149][1] = 	3.43605e-008	
beta [148][0] = 	1.32285e-009	beta [148][1] = 	1.31928e-009	
beta [147][0] = 	4.67976e-011	beta [147][1] = 	4.67969e-011	
beta [146][0] = 	1.63833e-012	beta [146][1] = 	1.63445e-012	
beta [145][0] = 	5.78472e-014	beta [145][1] = 	5.80366e-014	
beta [144][0] = 	2.23198e-015	beta [144][1] = 	2.22573e-015	
beta [143][0] = 	7.89554e-017	beta [143][1] = 	7.89544e-017	
beta [142][0] = 	2.94025e-018	beta [142][1] = 	2.94603e-018	
beta [141][0] = 	1.03045e-019	beta [141][1] = 	1.02792e-019	
beta [140][0] = 	3.8549e-021	beta [140][1] = 	3.82663e-021	beta [140][2] = 	1.03045e-019	beta [140][2] = 	1.03045e-019	
beta [139][0] = 	0.0136039	beta [139][1] = 	0.0136064	
beta [138][0] = 	0.000492319	beta [138][1] = 	0.00049092	
beta [137][0] = 	1.90066e-005	beta [137][1] = 	1.90255e-005	
beta [136][0] = 	7.19462e-007	beta [136][1] = 	7.17106e-007	
beta [135][0] = 	2.49169e-008	beta [135][1] = 	2.49591e-008	
beta [134][0] = 	9.19631e-010	beta [134][1] = 	9.17488e-010	
beta [133][0] = 	3.54449e-011	beta [133][1] = 	3.55869e-011	
beta [132][0] = 	1.41702e-012	beta [132][1] = 	1.4145e-012	
beta [131][0] = 	5.44598e-014	beta [131][1] = 	5.44289e-014	
beta [130][0] = 	1.88873e-015	beta [130][1] = 	1.89171e-015	
beta [129][0] = 	7.08197e-017	beta [129][1] = 	7.02886e-017	
beta [128][0] = 	2.44732e-018	beta [128][1] = 	2.4519e-018	
beta [127][0] = 	9.93423e-020	beta [127][1] = 	9.93202e-020	
beta [126][0] = 	3.63119e-021	beta [126][1] = 	3.63655e-021	beta [126][2] = 	9.93423e-020	beta [126][2] = 	9.93423e-020	
beta [125][0] = 	0.0140502	beta [125][1] = 	0.0140616	
beta [124][0] = 	0.000491095	beta [124][1] = 	0.000491561	
beta [123][0] = 	1.74066e-005	beta [123][1] = 	1.74036e-005	
beta [122][0] = 	6.09332e-007	beta [122][1] = 	6.07893e-007	
beta [121][0] = 	2.15148e-008	beta [121][1] = 	2.15852e-008	
beta [120][0] = 	7.52966e-010	beta [120][1] = 	7.53603e-010	
beta [119][0] = 	2.6687e-011	beta [119][1] = 	2.66826e-011	
beta [118][0] = 	9.93728e-013	beta [118][1] = 	9.95691e-013	
beta [117][0] = 	3.48266e-014	beta [117][1] = 	3.47412e-014	
beta [116][0] = 	1.245e-015	beta [116][1] = 	1.25039e-015	
beta [115][0] = 	4.42068e-017	beta [115][1] = 	4.4193e-017	
beta [114][0] = 	1.59939e-018	beta [114][1] = 	1.59488e-018	
beta [113][0] = 	6.17471e-020	beta [113][1] = 	6.18086e-020	
beta [112][0] = 	2.33733e-021	beta [112][1] = 	2.32968e-021	beta [112][2] = 	6.17471e-020	beta [112][2] = 	6.17471e-020	
beta [111][0] = 	0.00809482	beta [111][1] = 	0.00810854	
beta [110][0] = 	0.000298763	beta [110][1] = 	0.000298067	
beta [109][0] = 	1.15151e-005	beta [109][1] = 	1.15612e-005	
beta [108][0] = 	4.6035e-007	beta [108][1] = 	4.59534e-007	
beta [107][0] = 	1.76925e-008	beta [107][1] = 	1.76824e-008	
beta [106][0] = 	6.13596e-010	beta [106][1] = 	6.14566e-010	
beta [105][0] = 	2.13038e-011	beta [105][1] = 	2.13356e-011	
beta [104][0] = 	7.39625e-013	beta [104][1] = 	7.40731e-013	
beta [103][0] = 	2.77316e-014	beta [103][1] = 	2.75238e-014	
beta [102][0] = 	9.66193e-016	beta [102][1] = 	9.65282e-016	
beta [101][0] = 	3.73379e-017	beta [101][1] = 	3.73721e-017	
beta [100][0] = 	1.30514e-018	beta [100][1] = 	1.30637e-018	
beta [99][0] = 	5.02943e-020	beta [99][1] = 	5.01584e-020	
beta [98][0] = 	1.77923e-021	beta [98][1] = 	1.7792e-021	beta [98][2] = 	5.02943e-020	beta [98][2] = 	5.02943e-020	
beta [97][0] = 	0.00622886	beta [97][1] = 	0.00621411	
beta [96][0] = 	0.000219933	beta [96][1] = 	0.000220653	
beta [95][0] = 	8.51782e-006	beta [95][1] = 	8.52413e-006	
beta [94][0] = 	3.01876e-007	beta [94][1] = 	3.01827e-007	
beta [93][0] = 	1.12408e-008	beta [93][1] = 	1.1263e-008	
beta [92][0] = 	3.9395e-010	beta [92][1] = 	3.92984e-010	
beta [91][0] = 	1.47376e-011	beta [91][1] = 	1.46296e-011	
beta [90][0] = 	5.20092e-013	beta [90][1] = 	5.20185e-013	
beta [89][0] = 	1.88218e-014	beta [89][1] = 	1.87683e-014	
beta [88][0] = 	7.26639e-016	beta [88][1] = 	7.27363e-016	
beta [87][0] = 	2.75057e-017	beta [87][1] = 	2.74157e-017	
beta [86][0] = 	9.52597e-019	beta [86][1] = 	9.54211e-019	
beta [85][0] = 	3.51584e-020	beta [85][1] = 	3.50764e-020	
beta [84][0] = 	1.35509e-021	beta [84][1] = 	1.36052e-021	beta [84][2] = 	3.51584e-020	beta [84][2] = 	3.51584e-020	
beta [83][0] = 	0.00541739	beta [83][1] = 	0.00540779	
beta [82][0] = 	0.000208205	beta [82][1] = 	0.000208087	
beta [81][0] = 	7.22078e-006	beta [81][1] = 	7.2322e-006	
beta [80][0] = 	2.50703e-007	beta [80][1] = 	2.51077e-007	
beta [79][0] = 	8.70389e-009	beta [79][1] = 	8.71691e-009	
beta [78][0] = 	3.35093e-010	beta [78][1] = 	3.34857e-010	
beta [77][0] = 	1.26726e-011	beta [77][1] = 	1.26321e-011	
beta [76][0] = 	4.8915e-013	beta [76][1] = 	4.89645e-013	
beta [75][0] = 	1.7099e-014	beta [75][1] = 	1.71151e-014	
beta [74][0] = 	6.58919e-016	beta [74][1] = 	6.57138e-016	
beta [73][0] = 	2.33101e-017	beta [73][1] = 	2.33097e-017	
beta [72][0] = 	8.16059e-019	beta [72][1] = 	8.14127e-019	
beta [71][0] = 	2.8814e-020	beta [71][1] = 	2.89083e-020	
beta [70][0] = 	1.07934e-021	beta [70][1] = 	1.07454e-021	beta [70][2] = 	2.8814e-020	beta [70][2] = 	2.8814e-020	
beta [69][0] = 	0.00381479	beta [69][1] = 	0.00381501	
beta [68][0] = 	0.000142065	beta [68][1] = 	0.000142345	
beta [67][0] = 	4.97885e-006	beta [67][1] = 	4.96665e-006	
beta [66][0] = 	1.86259e-007	beta [66][1] = 	1.84893e-007	
beta [65][0] = 	6.57308e-009	beta [65][1] = 	6.57425e-009	
beta [64][0] = 	2.37876e-010	beta [64][1] = 	2.372e-010	
beta [63][0] = 	9.18348e-012	beta [63][1] = 	9.19264e-012	
beta [62][0] = 	3.47625e-013	beta [62][1] = 	3.46487e-013	
beta [61][0] = 	1.20392e-014	beta [61][1] = 	1.20596e-014	
beta [60][0] = 	4.44342e-016	beta [60][1] = 	4.43307e-016	
beta [59][0] = 	1.71261e-017	beta [59][1] = 	1.71947e-017	
beta [58][0] = 	6.84666e-019	beta [58][1] = 	6.83452e-019	
beta [57][0] = 	2.63136e-020	beta [57][1] = 	2.62986e-020	
beta [56][0] = 	9.12584e-022	beta [56][1] = 	9.14027e-022	beta [56][2] = 	2.63136e-020	beta [56][2] = 	2.63136e-020	
beta [55][0] = 	0.00336796	beta [55][1] = 	0.00336012	
beta [54][0] = 	0.000116699	beta [54][1] = 	0.000116892	
beta [53][0] = 	4.05188e-006	beta [53][1] = 	4.05791e-006	
beta [52][0] = 	1.53418e-007	beta [52][1] = 	1.52913e-007	
beta [51][0] = 	5.92149e-009	beta [51][1] = 	5.92751e-009	
beta [50][0] = 	2.06995e-010	beta [50][1] = 	2.0719e-010	
beta [49][0] = 	7.97667e-012	beta [49][1] = 	7.95511e-012	
beta [48][0] = 	2.82185e-013	beta [48][1] = 	2.82181e-013	
beta [47][0] = 	9.87896e-015	beta [47][1] = 	9.85557e-015	
beta [46][0] = 	3.48813e-016	beta [46][1] = 	3.49955e-016	
beta [45][0] = 	1.30661e-017	beta [45][1] = 	1.3008e-017	
beta [44][0] = 	4.61807e-019	beta [44][1] = 	4.61833e-019	
beta [43][0] = 	1.7198e-020	beta [43][1] = 	1.72318e-020	
beta [42][0] = 	6.02725e-022	beta [42][1] = 	6.01248e-022	beta [42][2] = 	1.7198e-020	beta [42][2] = 	1.7198e-020	
beta [41][0] = 	0.00225479	beta [41][1] = 	0.00223826	
beta [40][0] = 	7.95717e-005	beta [40][1] = 	7.95859e-005	
beta [39][0] = 	2.87966e-006	beta [39][1] = 	2.87147e-006	
beta [38][0] = 	1.11172e-007	beta [38][1] = 	1.11283e-007	
beta [37][0] = 	4.20825e-009	beta [37][1] = 	4.19447e-009	
beta [36][0] = 	1.45743e-010	beta [36][1] = 	1.4599e-010	
beta [35][0] = 	5.37907e-012	beta [35][1] = 	5.36654e-012	
beta [34][0] = 	2.07323e-013	beta [34][1] = 	2.08153e-013	
beta [33][0] = 	8.28836e-015	beta [33][1] = 	8.27367e-015	
beta [32][0] = 	3.18544e-016	beta [32][1] = 	3.18363e-016	
beta [31][0] = 	1.10475e-017	beta [31][1] = 	1.10649e-017	
beta [30][0] = 	4.07714e-019	beta [30][1] = 	4.06766e-019	
beta [29][0] = 	1.41272e-020	beta [29][1] = 	1.41505e-020	
beta [28][0] = 	4.90508e-022	beta [28][1] = 	4.91238e-022	beta [28][2] = 	1.41272e-020	beta [28][2] = 	1.41272e-020	
beta [27][0] = 	0.00185723	beta [27][1] = 	0.00185112	
beta [26][0] = 	7.16838e-005	beta [26][1] = 	7.17566e-005	
beta [25][0] = 	2.50582e-006	beta [25][1] = 	2.50818e-006	
beta [24][0] = 	9.65631e-008	beta [24][1] = 	9.63021e-008	
beta [23][0] = 	3.41605e-009	beta [23][1] = 	3.41599e-009	
beta [22][0] = 	1.19592e-010	beta [22][1] = 	1.19309e-010	
beta [21][0] = 	4.22263e-012	beta [21][1] = 	4.23645e-012	
beta [20][0] = 	1.58175e-013	beta [20][1] = 	1.57471e-013	
beta [19][0] = 	5.5905e-015	beta [19][1] = 	5.59081e-015	
beta [18][0] = 	2.08194e-016	beta [18][1] = 	2.08603e-016	
beta [17][0] = 	7.2964e-018	beta [17][1] = 	7.27852e-018	
beta [16][0] = 	2.72958e-019	beta [16][1] = 	2.70957e-019	
beta [15][0] = 	9.63271e-021	beta [15][1] = 	9.63442e-021	
beta [14][0] = 	3.48602e-022	beta [14][1] = 	3.47611e-022	beta [14][2] = 	9.63271e-021	beta [14][2] = 	9.63271e-021	
beta [13][0] = 	0.00134582	beta [13][1] = 	0.00134716	
beta [12][0] = 	5.09438e-005	beta [12][1] = 	5.0777e-005	
beta [11][0] = 	1.76432e-006	beta [11][1] = 	1.76731e-006	
beta [10][0] = 	6.51174e-008	beta [10][1] = 	6.49656e-008	
beta [9][0] = 	2.50979e-009	beta [9][1] = 	2.51984e-009	
beta [8][0] = 	1.00336e-010	beta [8][1] = 	1.00158e-010	
beta [7][0] = 	3.8562e-012	beta [7][1] = 	3.85401e-012	
beta [6][0] = 	1.33737e-013	beta [6][1] = 	1.33949e-013	
beta [5][0] = 	4.64331e-015	beta [5][1] = 	4.65023e-015	
beta [4][0] = 	1.61206e-016	beta [4][1] = 	1.61447e-016	
beta [3][0] = 	5.59677e-018	beta [3][1] = 	5.60513e-018	
beta [2][0] = 	2.11914e-019	beta [2][1] = 	2.11216e-019	
beta [1][0] = 	8.17925e-021	beta [1][1] = 	8.18756e-021	
beta [0][0] = 	2.85919e-022	beta [0][1] = 	2.86188e-022	beta [0][2] = 	8.17925e-021	beta [0][2] = 	8.17925e-021	

===== Forward-Backwar Algorithm (Matrice Gamma) =====
pstate [0][0] = 	0.483838	pstate [0][1] = 	0.516162	
P(Observe Seq | Lambda) = 	0.00112895

pstate [1][0] = 	0.501897	pstate [1][1] = 	0.498103	
P(Observe Seq | Lambda) = 	1.12895e-023

pstate [2][0] = 	0.50159	pstate [2][1] = 	0.49841	
P(Observe Seq | Lambda) = 	1.12895e-023

pstate [3][0] = 	0.475891	pstate [3][1] = 	0.524109	
P(Observe Seq | Lambda) = 	1.12895e-023

pstate [4][0] = 	0.505529	pstate [4][1] = 	0.494471	
P(Observe Seq | Lambda) = 	1.12895e-023

pstate [5][0] = 	0.504288	pstate [5][1] = 	0.495712	
P(Observe Seq | Lambda) = 	1.12895e-023

pstate [6][0] = 	0.504318	pstate [6][1] = 	0.495682	
P(Observe Seq | Lambda) = 	1.12895e-023

pstate [7][0] = 	0.504853	pstate [7][1] = 	0.495147	
P(Observe Seq | Lambda) = 	1.12895e-023

pstate [8][0] = 	0.492031	pstate [8][1] = 	0.507969	
P(Observe Seq | Lambda) = 	1.12895e-023

pstate [9][0] = 	0.485379	pstate [9][1] = 	0.514621	
P(Observe Seq | Lambda) = 	1.12895e-023

pstate [10][0] = 	0.520048	pstate [10][1] = 	0.479952	
P(Observe Seq | Lambda) = 	1.12895e-023

pstate [11][0] = 	0.480877	pstate [11][1] = 	0.519123	
P(Observe Seq | Lambda) = 	1.12895e-023

pstate [12][0] = 	0.506511	pstate [12][1] = 	0.493489	
P(Observe Seq | Lambda) = 	1.12895e-023

pstate [13][0] = 	0.475809	pstate [13][1] = 	0.524191	
P(Observe Seq | Lambda) = 	0.00112895

pstate [14][0] = 	0.502569	pstate [14][1] = 	0.497431	
P(Observe Seq | Lambda) = 	0.00112895

pstate [15][0] = 	0.478549	pstate [15][1] = 	0.521451	
P(Observe Seq | Lambda) = 	1.12895e-023

pstate [16][0] = 	0.49758	pstate [16][1] = 	0.50242	
P(Observe Seq | Lambda) = 	1.12895e-023

pstate [17][0] = 	0.451866	pstate [17][1] = 	0.548134	
P(Observe Seq | Lambda) = 	1.12895e-023

pstate [18][0] = 	0.483014	pstate [18][1] = 	0.516986	
P(Observe Seq | Lambda) = 	1.12895e-023

pstate [19][0] = 	0.508032	pstate [19][1] = 	0.491968	
P(Observe Seq | Lambda) = 	1.12895e-023

pstate [20][0] = 	0.495621	pstate [20][1] = 	0.504379	
P(Observe Seq | Lambda) = 	1.12895e-023

pstate [21][0] = 	0.469241	pstate [21][1] = 	0.530759	
P(Observe Seq | Lambda) = 	1.12895e-023

pstate [22][0] = 	0.516386	pstate [22][1] = 	0.483614	
P(Observe Seq | Lambda) = 	1.12895e-023

pstate [23][0] = 	0.480809	pstate [23][1] = 	0.519191	
P(Observe Seq | Lambda) = 	1.12895e-023

pstate [24][0] = 	0.496324	pstate [24][1] = 	0.503676	
P(Observe Seq | Lambda) = 	1.12895e-023

pstate [25][0] = 	0.479645	pstate [25][1] = 	0.520355	
P(Observe Seq | Lambda) = 	1.12895e-023

pstate [26][0] = 	0.502073	pstate [26][1] = 	0.497927	
P(Observe Seq | Lambda) = 	1.12895e-023

pstate [27][0] = 	0.501582	pstate [27][1] = 	0.498418	
P(Observe Seq | Lambda) = 	0.00112895

pstate [28][0] = 	0.475893	pstate [28][1] = 	0.524107	
P(Observe Seq | Lambda) = 	0.00112895

pstate [29][0] = 	0.505489	pstate [29][1] = 	0.494511	
P(Observe Seq | Lambda) = 	1.12895e-023

pstate [30][0] = 	0.505243	pstate [30][1] = 	0.494757	
P(Observe Seq | Lambda) = 	1.12895e-023

pstate [31][0] = 	0.481525	pstate [31][1] = 	0.518475	
P(Observe Seq | Lambda) = 	1.12895e-023

pstate [32][0] = 	0.505807	pstate [32][1] = 	0.494193	
P(Observe Seq | Lambda) = 	1.12895e-023

pstate [33][0] = 	0.491991	pstate [33][1] = 	0.508009	
P(Observe Seq | Lambda) = 	1.12895e-023

pstate [34][0] = 	0.48538	pstate [34][1] = 	0.51462	
P(Observe Seq | Lambda) = 	1.12895e-023

pstate [35][0] = 	0.520048	pstate [35][1] = 	0.479952	
P(Observe Seq | Lambda) = 	1.12895e-023

pstate [36][0] = 	0.480877	pstate [36][1] = 	0.519123	
P(Observe Seq | Lambda) = 	1.12895e-023

pstate [37][0] = 	0.506511	pstate [37][1] = 	0.493489	
P(Observe Seq | Lambda) = 	1.12895e-023

pstate [38][0] = 	0.475809	pstate [38][1] = 	0.524191	
P(Observe Seq | Lambda) = 	1.12895e-023

pstate [39][0] = 	0.502569	pstate [39][1] = 	0.497431	
P(Observe Seq | Lambda) = 	1.12895e-023

pstate [40][0] = 	0.478549	pstate [40][1] = 	0.521451	
P(Observe Seq | Lambda) = 	1.12895e-023

pstate [41][0] = 	0.49758	pstate [41][1] = 	0.50242	
P(Observe Seq | Lambda) = 	0.00112895

pstate [42][0] = 	0.451866	pstate [42][1] = 	0.548134	
P(Observe Seq | Lambda) = 	0.00112895

pstate [43][0] = 	0.483014	pstate [43][1] = 	0.516986	
P(Observe Seq | Lambda) = 	1.12895e-023

pstate [44][0] = 	0.508032	pstate [44][1] = 	0.491968	
P(Observe Seq | Lambda) = 	1.12895e-023

pstate [45][0] = 	0.495621	pstate [45][1] = 	0.504379	
P(Observe Seq | Lambda) = 	1.12895e-023

pstate [46][0] = 	0.469241	pstate [46][1] = 	0.530759	
P(Observe Seq | Lambda) = 	1.12895e-023

pstate [47][0] = 	0.516386	pstate [47][1] = 	0.483614	
P(Observe Seq | Lambda) = 	1.12895e-023

pstate [48][0] = 	0.480809	pstate [48][1] = 	0.519191	
P(Observe Seq | Lambda) = 	1.12895e-023

pstate [49][0] = 	0.496324	pstate [49][1] = 	0.503676	
P(Observe Seq | Lambda) = 	1.12895e-023

pstate [50][0] = 	0.479645	pstate [50][1] = 	0.520355	
P(Observe Seq | Lambda) = 	1.12895e-023

pstate [51][0] = 	0.502073	pstate [51][1] = 	0.497927	
P(Observe Seq | Lambda) = 	1.12895e-023

pstate [52][0] = 	0.501582	pstate [52][1] = 	0.498418	
P(Observe Seq | Lambda) = 	1.12895e-023

pstate [53][0] = 	0.475893	pstate [53][1] = 	0.524107	
P(Observe Seq | Lambda) = 	1.12895e-023

pstate [54][0] = 	0.505489	pstate [54][1] = 	0.494511	
P(Observe Seq | Lambda) = 	1.12895e-023

pstate [55][0] = 	0.505243	pstate [55][1] = 	0.494757	
P(Observe Seq | Lambda) = 	0.00112895

pstate [56][0] = 	0.481525	pstate [56][1] = 	0.518475	
P(Observe Seq | Lambda) = 	0.00112895

pstate [57][0] = 	0.505807	pstate [57][1] = 	0.494193	
P(Observe Seq | Lambda) = 	1.12895e-023

pstate [58][0] = 	0.491991	pstate [58][1] = 	0.508009	
P(Observe Seq | Lambda) = 	1.12895e-023

pstate [59][0] = 	0.48538	pstate [59][1] = 	0.51462	
P(Observe Seq | Lambda) = 	1.12895e-023

pstate [60][0] = 	0.520048	pstate [60][1] = 	0.479952	
P(Observe Seq | Lambda) = 	1.12895e-023

pstate [61][0] = 	0.480877	pstate [61][1] = 	0.519123	
P(Observe Seq | Lambda) = 	1.12895e-023

pstate [62][0] = 	0.506511	pstate [62][1] = 	0.493489	
P(Observe Seq | Lambda) = 	1.12895e-023

pstate [63][0] = 	0.475809	pstate [63][1] = 	0.524191	
P(Observe Seq | Lambda) = 	1.12895e-023

pstate [64][0] = 	0.502569	pstate [64][1] = 	0.497431	
P(Observe Seq | Lambda) = 	1.12895e-023

pstate [65][0] = 	0.478549	pstate [65][1] = 	0.521451	
P(Observe Seq | Lambda) = 	1.12895e-023

pstate [66][0] = 	0.49758	pstate [66][1] = 	0.50242	
P(Observe Seq | Lambda) = 	1.12895e-023

pstate [67][0] = 	0.451866	pstate [67][1] = 	0.548134	
P(Observe Seq | Lambda) = 	1.12895e-023

pstate [68][0] = 	0.483014	pstate [68][1] = 	0.516986	
P(Observe Seq | Lambda) = 	1.12895e-023

pstate [69][0] = 	0.508032	pstate [69][1] = 	0.491968	
P(Observe Seq | Lambda) = 	0.00112895

pstate [70][0] = 	0.495621	pstate [70][1] = 	0.504379	
P(Observe Seq | Lambda) = 	0.00112895

pstate [71][0] = 	0.469241	pstate [71][1] = 	0.530759	
P(Observe Seq | Lambda) = 	1.12895e-023

pstate [72][0] = 	0.516386	pstate [72][1] = 	0.483614	
P(Observe Seq | Lambda) = 	1.12895e-023

pstate [73][0] = 	0.480809	pstate [73][1] = 	0.519191	
P(Observe Seq | Lambda) = 	1.12895e-023

pstate [74][0] = 	0.496324	pstate [74][1] = 	0.503676	
P(Observe Seq | Lambda) = 	1.12895e-023

pstate [75][0] = 	0.479645	pstate [75][1] = 	0.520355	
P(Observe Seq | Lambda) = 	1.12895e-023

pstate [76][0] = 	0.502074	pstate [76][1] = 	0.497926	
P(Observe Seq | Lambda) = 	1.12895e-023

pstate [77][0] = 	0.501559	pstate [77][1] = 	0.498441	
P(Observe Seq | Lambda) = 	1.12895e-023

pstate [78][0] = 	0.47644	pstate [78][1] = 	0.52356	
P(Observe Seq | Lambda) = 	1.12895e-023

pstate [79][0] = 	0.492405	pstate [79][1] = 	0.507595	
P(Observe Seq | Lambda) = 	1.12895e-023

pstate [80][0] = 	0.504838	pstate [80][1] = 	0.495162	
P(Observe Seq | Lambda) = 	1.12895e-023

pstate [81][0] = 	0.504295	pstate [81][1] = 	0.495705	
P(Observe Seq | Lambda) = 	1.12895e-023

pstate [82][0] = 	0.504854	pstate [82][1] = 	0.495146	
P(Observe Seq | Lambda) = 	1.12895e-023

pstate [83][0] = 	0.492031	pstate [83][1] = 	0.507969	
P(Observe Seq | Lambda) = 	0.00112895

pstate [84][0] = 	0.485379	pstate [84][1] = 	0.514621	
P(Observe Seq | Lambda) = 	0.00112895

pstate [85][0] = 	0.520048	pstate [85][1] = 	0.479952	
P(Observe Seq | Lambda) = 	1.12895e-023

pstate [86][0] = 	0.480877	pstate [86][1] = 	0.519123	
P(Observe Seq | Lambda) = 	1.12895e-023

pstate [87][0] = 	0.506511	pstate [87][1] = 	0.493489	
P(Observe Seq | Lambda) = 	1.12895e-023

pstate [88][0] = 	0.475809	pstate [88][1] = 	0.524191	
P(Observe Seq | Lambda) = 	1.12895e-023

pstate [89][0] = 	0.502569	pstate [89][1] = 	0.497431	
P(Observe Seq | Lambda) = 	1.12895e-023

pstate [90][0] = 	0.478549	pstate [90][1] = 	0.521451	
P(Observe Seq | Lambda) = 	1.12895e-023

pstate [91][0] = 	0.49758	pstate [91][1] = 	0.50242	
P(Observe Seq | Lambda) = 	1.12895e-023

pstate [92][0] = 	0.451866	pstate [92][1] = 	0.548134	
P(Observe Seq | Lambda) = 	1.12895e-023

pstate [93][0] = 	0.483012	pstate [93][1] = 	0.516988	
P(Observe Seq | Lambda) = 	1.12895e-023

pstate [94][0] = 	0.508086	pstate [94][1] = 	0.491914	
P(Observe Seq | Lambda) = 	1.12895e-023

pstate [95][0] = 	0.494322	pstate [95][1] = 	0.505678	
P(Observe Seq | Lambda) = 	1.12895e-023

pstate [96][0] = 	0.500267	pstate [96][1] = 	0.499733	
P(Observe Seq | Lambda) = 	1.12895e-023

pstate [97][0] = 	0.515087	pstate [97][1] = 	0.484913	
P(Observe Seq | Lambda) = 	0.00112895

pstate [98][0] = 	0.480863	pstate [98][1] = 	0.519137	
P(Observe Seq | Lambda) = 	0.00112895

pstate [99][0] = 	0.496322	pstate [99][1] = 	0.503678	
P(Observe Seq | Lambda) = 	1.12895e-023

pstate [100][0] = 	0.479644	pstate [100][1] = 	0.520356	
P(Observe Seq | Lambda) = 	1.12895e-023

pstate [101][0] = 	0.502098	pstate [101][1] = 	0.497902	
P(Observe Seq | Lambda) = 	1.12895e-023

pstate [102][0] = 	0.500993	pstate [102][1] = 	0.499007	
P(Observe Seq | Lambda) = 	1.12895e-023

pstate [103][0] = 	0.48996	pstate [103][1] = 	0.51004	
P(Observe Seq | Lambda) = 	1.12895e-023

pstate [104][0] = 	0.451206	pstate [104][1] = 	0.548794	
P(Observe Seq | Lambda) = 	1.12895e-023

pstate [105][0] = 	0.506563	pstate [105][1] = 	0.493437	
P(Observe Seq | Lambda) = 	1.12895e-023

pstate [106][0] = 	0.504223	pstate [106][1] = 	0.495777	
P(Observe Seq | Lambda) = 	1.12895e-023

pstate [107][0] = 	0.504857	pstate [107][1] = 	0.495143	
P(Observe Seq | Lambda) = 	1.12895e-023

pstate [108][0] = 	0.492031	pstate [108][1] = 	0.507969	
P(Observe Seq | Lambda) = 	1.12895e-023

pstate [109][0] = 	0.485379	pstate [109][1] = 	0.514621	
P(Observe Seq | Lambda) = 	1.12895e-023

pstate [110][0] = 	0.520048	pstate [110][1] = 	0.479952	
P(Observe Seq | Lambda) = 	1.12895e-023

pstate [111][0] = 	0.480877	pstate [111][1] = 	0.519123	
P(Observe Seq | Lambda) = 	0.00112895

pstate [112][0] = 	0.506511	pstate [112][1] = 	0.493489	
P(Observe Seq | Lambda) = 	0.00112895

pstate [113][0] = 	0.475809	pstate [113][1] = 	0.524191	
P(Observe Seq | Lambda) = 	1.12895e-023

pstate [114][0] = 	0.502564	pstate [114][1] = 	0.497436	
P(Observe Seq | Lambda) = 	1.12895e-023

pstate [115][0] = 	0.478671	pstate [115][1] = 	0.521329	
P(Observe Seq | Lambda) = 	1.12895e-023

pstate [116][0] = 	0.494661	pstate [116][1] = 	0.505339	
P(Observe Seq | Lambda) = 	1.12895e-023

pstate [117][0] = 	0.521569	pstate [117][1] = 	0.478431	
P(Observe Seq | Lambda) = 	1.12895e-023

pstate [118][0] = 	0.480097	pstate [118][1] = 	0.519903	
P(Observe Seq | Lambda) = 	1.12895e-023

pstate [119][0] = 	0.50821	pstate [119][1] = 	0.49179	
P(Observe Seq | Lambda) = 	1.12895e-023

pstate [120][0] = 	0.49429	pstate [120][1] = 	0.50571	
P(Observe Seq | Lambda) = 	1.12895e-023

pstate [121][0] = 	0.500897	pstate [121][1] = 	0.499103	
P(Observe Seq | Lambda) = 	1.12895e-023

pstate [122][0] = 	0.515059	pstate [122][1] = 	0.484941	
P(Observe Seq | Lambda) = 	1.12895e-023

pstate [123][0] = 	0.480903	pstate [123][1] = 	0.519097	
P(Observe Seq | Lambda) = 	1.12895e-023

pstate [124][0] = 	0.495408	pstate [124][1] = 	0.504592	
P(Observe Seq | Lambda) = 	1.12895e-023

pstate [125][0] = 	0.501463	pstate [125][1] = 	0.498537	
P(Observe Seq | Lambda) = 	0.00112895

pstate [126][0] = 	0.500416	pstate [126][1] = 	0.499584	
P(Observe Seq | Lambda) = 	0.00112895

pstate [127][0] = 	0.504389	pstate [127][1] = 	0.495611	
P(Observe Seq | Lambda) = 	1.12895e-023

pstate [128][0] = 	0.494108	pstate [128][1] = 	0.505892	
P(Observe Seq | Lambda) = 	1.12895e-023

pstate [129][0] = 	0.507017	pstate [129][1] = 	0.492983	
P(Observe Seq | Lambda) = 	1.12895e-023

pstate [130][0] = 	0.450477	pstate [130][1] = 	0.549523	
P(Observe Seq | Lambda) = 	1.12895e-023

pstate [131][0] = 	0.507108	pstate [131][1] = 	0.492892	
P(Observe Seq | Lambda) = 	1.12895e-023

pstate [132][0] = 	0.491937	pstate [132][1] = 	0.508063	
P(Observe Seq | Lambda) = 	1.12895e-023

pstate [133][0] = 	0.485383	pstate [133][1] = 	0.514617	
P(Observe Seq | Lambda) = 	1.12895e-023

pstate [134][0] = 	0.520048	pstate [134][1] = 	0.479952	
P(Observe Seq | Lambda) = 	1.12895e-023

pstate [135][0] = 	0.480877	pstate [135][1] = 	0.519123	
P(Observe Seq | Lambda) = 	1.12895e-023

pstate [136][0] = 	0.506511	pstate [136][1] = 	0.493489	
P(Observe Seq | Lambda) = 	1.12895e-023

pstate [137][0] = 	0.475809	pstate [137][1] = 	0.524191	
P(Observe Seq | Lambda) = 	1.12895e-023

pstate [138][0] = 	0.502569	pstate [138][1] = 	0.497431	
P(Observe Seq | Lambda) = 	1.12895e-023

pstate [139][0] = 	0.478549	pstate [139][1] = 	0.521451	
P(Observe Seq | Lambda) = 	0.00112895

pstate [140][0] = 	0.49758	pstate [140][1] = 	0.50242	
P(Observe Seq | Lambda) = 	0.00112895

pstate [141][0] = 	0.451866	pstate [141][1] = 	0.548134	
P(Observe Seq | Lambda) = 	1.12895e-023

pstate [142][0] = 	0.483013	pstate [142][1] = 	0.516987	
P(Observe Seq | Lambda) = 	1.12895e-023

pstate [143][0] = 	0.508049	pstate [143][1] = 	0.491951	
P(Observe Seq | Lambda) = 	1.12895e-023

pstate [144][0] = 	0.495208	pstate [144][1] = 	0.504792	
P(Observe Seq | Lambda) = 	1.12895e-023

pstate [145][0] = 	0.479112	pstate [145][1] = 	0.520888	
P(Observe Seq | Lambda) = 	1.12895e-023

pstate [146][0] = 	0.515973	pstate [146][1] = 	0.484027	
P(Observe Seq | Lambda) = 	1.12895e-023

pstate [147][0] = 	0.480826	pstate [147][1] = 	0.519174	
P(Observe Seq | Lambda) = 	1.12895e-023

pstate [148][0] = 	0.496324	pstate [148][1] = 	0.503676	
P(Observe Seq | Lambda) = 	1.12895e-023

pstate [149][0] = 	0.479644	pstate [149][1] = 	0.520356	
P(Observe Seq | Lambda) = 	1.12895e-023

pstate [150][0] = 	0.502095	pstate [150][1] = 	0.497905	
P(Observe Seq | Lambda) = 	1.12895e-023

pstate [151][0] = 	0.501056	pstate [151][1] = 	0.498944	
P(Observe Seq | Lambda) = 	1.12895e-023

pstate [152][0] = 	0.488458	pstate [152][1] = 	0.511542	
P(Observe Seq | Lambda) = 	1.12895e-023

pstate [153][0] = 	0.507041	pstate [153][1] = 	0.492959	
P(Observe Seq | Lambda) = 	0.00112895

pstate [154][0] = 	0.505472	pstate [154][1] = 	0.494528	
P(Observe Seq | Lambda) = 	0.00112895

pstate [155][0] = 	0.474507	pstate [155][1] = 	0.525493	
P(Observe Seq | Lambda) = 	1.12895e-023

pstate [156][0] = 	0.506101	pstate [156][1] = 	0.493899	
P(Observe Seq | Lambda) = 	1.12895e-023

pstate [157][0] = 	0.491979	pstate [157][1] = 	0.508021	
P(Observe Seq | Lambda) = 	1.12895e-023

pstate [158][0] = 	0.485381	pstate [158][1] = 	0.514619	
P(Observe Seq | Lambda) = 	1.12895e-023

pstate [159][0] = 	0.520048	pstate [159][1] = 	0.479952	
P(Observe Seq | Lambda) = 	1.12895e-023

pstate [160][0] = 	0.480877	pstate [160][1] = 	0.519123	
P(Observe Seq | Lambda) = 	1.12895e-023

pstate [161][0] = 	0.506511	pstate [161][1] = 	0.493489	
P(Observe Seq | Lambda) = 	1.12895e-023

pstate [162][0] = 	0.475809	pstate [162][1] = 	0.524191	
P(Observe Seq | Lambda) = 	1.12895e-023

pstate [163][0] = 	0.502569	pstate [163][1] = 	0.497431	
P(Observe Seq | Lambda) = 	1.12895e-023

pstate [164][0] = 	0.478549	pstate [164][1] = 	0.521451	
P(Observe Seq | Lambda) = 	1.12895e-023

pstate [165][0] = 	0.49758	pstate [165][1] = 	0.50242	
P(Observe Seq | Lambda) = 	1.12895e-023

pstate [166][0] = 	0.451866	pstate [166][1] = 	0.548134	
P(Observe Seq | Lambda) = 	1.12895e-023

pstate [167][0] = 	0.483012	pstate [167][1] = 	0.516988	
P(Observe Seq | Lambda) = 	0.00112895

pstate [168][0] = 	0.508093	pstate [168][1] = 	0.491907	
P(Observe Seq | Lambda) = 	1.12895e-023

pstate [169][0] = 	0.494175	pstate [169][1] = 	0.505825	
P(Observe Seq | Lambda) = 	1.12895e-023

pstate [170][0] = 	0.503779	pstate [170][1] = 	0.496221	
P(Observe Seq | Lambda) = 	1.12895e-023

pstate [171][0] = 	0.51494	pstate [171][1] = 	0.48506	
P(Observe Seq | Lambda) = 	1.12895e-023

pstate [172][0] = 	0.480872	pstate [172][1] = 	0.519128	
P(Observe Seq | Lambda) = 	1.12895e-023

pstate [173][0] = 	0.496259	pstate [173][1] = 	0.503741	
P(Observe Seq | Lambda) = 	1.12895e-023

pstate [174][0] = 	0.481155	pstate [174][1] = 	0.518845	
P(Observe Seq | Lambda) = 	1.12895e-023

pstate [175][0] = 	0.50817	pstate [175][1] = 	0.49183	
P(Observe Seq | Lambda) = 	1.12895e-023

pstate [176][0] = 	0.494172	pstate [176][1] = 	0.505828	
P(Observe Seq | Lambda) = 	1.12895e-023

pstate [177][0] = 	0.503779	pstate [177][1] = 	0.496221	
P(Observe Seq | Lambda) = 	1.12895e-023

pstate [178][0] = 	0.514937	pstate [178][1] = 	0.485063	
P(Observe Seq | Lambda) = 	1.12895e-023

pstate [179][0] = 	0.480961	pstate [179][1] = 	0.519039	
P(Observe Seq | Lambda) = 	1.12895e-023

pstate [180][0] = 	0.494132	pstate [180][1] = 	0.505868	
P(Observe Seq | Lambda) = 	0.00112895

pstate [181][0] = 	0.531932	pstate [181][1] = 	0.468068	
P(Observe Seq | Lambda) = 	0.00112895

pstate [182][0] = 	0.519075	pstate [182][1] = 	0.480925	
P(Observe Seq | Lambda) = 	0.00112895

